  Using bundled DotNet SDK
  Log file: C:\Users\sunso\AppData\Local\UnrealBuildTool\Log.txt
  Using 'git status' to determine working set for adaptive non-unity build (D:\HSE stuff\WR\WaveRunner).
  Creating makefile for WaveRunnerEditor (no existing makefile)
  Parsing headers for WaveRunnerEditor
    Running UnrealHeaderTool "D:\HSE stuff\WR\WaveRunner\WaveRunner.uproject" "D:\HSE stuff\WR\WaveRunner\Intermediate\Build\Win64\WaveRunnerEditor\DebugGame\WaveRunnerEditor.uhtmanifest" -LogCmds="loginit warning, logexit warning, logdatabase error" -Unattended -WarningsAsErrors -abslog="C:\Users\sunso\AppData\Local\UnrealBuildTool\Log_UHT.txt" -installed
  Reflection code generated for WaveRunnerEditor in 2,5665335 seconds
  Building WaveRunnerEditor...
  Using Visual Studio 2019 14.29.30145 toolchain (C:\Program Files (x86)\Microsoft Visual Studio\2019\Community\VC\Tools\MSVC\14.29.30133) and Windows 10.0.19041.0 SDK (C:\Program Files (x86)\Windows Kits\10).
  [Adaptive Build] Excluded from WaveRunner unity file: WaveRunnerCharacter.cpp
  Determining max actions to execute in parallel (6 physical cores, 12 logical cores)
    Executing up to 6 processes, one per physical core
    Requested 1,5 GB free memory per action, 3,07 GB available: limiting max parallel actions to 2
  Building 11 actions with 2 processes...
  [1/11] Resource Default.rc2
  [2/11] Compile SharedPCH.Engine.NonOptimized.ShadowErrors.cpp
  [3/11] Compile WaveRunnerGameMode.gen.cpp
  [4/11] Compile WaveRunnerCharacter.gen.cpp
  [5/11] Compile WaveRunner.cpp
  [6/11] Compile WaveRunnerGameMode.cpp
  [7/11] Compile WaveRunner.init.gen.cpp
  [8/11] Compile WaveRunnerCharacter.cpp
  [9/11] Link UnrealEditor-WaveRunner-Win64-DebugGame.lib
     Создается библиотека D:\HSE stuff\WR\WaveRunner\Intermediate\Build\Win64\UnrealEditor\DebugGame\WaveRunner\UnrealEditor-WaveRunner-Win64-DebugGame.lib и объект D:\HSE stuff\WR\WaveRunner\Intermediate\Build\Win64\UnrealEditor\DebugGame\WaveRunner\UnrealEditor-WaveRunner-Win64-DebugGame.exp
  [10/11] Link UnrealEditor-WaveRunner-Win64-DebugGame.dll
     Создается библиотека D:\HSE stuff\WR\WaveRunner\Intermediate\Build\Win64\UnrealEditor\DebugGame\WaveRunner\UnrealEditor-WaveRunner-Win64-DebugGame.suppressed.lib и объект D:\HSE stuff\WR\WaveRunner\Intermediate\Build\Win64\UnrealEditor\DebugGame\WaveRunner\UnrealEditor-WaveRunner-Win64-DebugGame.suppressed.exp
  [11/11] WriteMetadata WaveRunnerEditor-Win64-DebugGame.target
  Total time in Parallel executor: 52,55 seconds
  Total execution time: 60,07 seconds
